number,value,datetime_start,datetime_complete,duration,params_LeakyReLU_alpha,params_batch_size,params_dense_units,params_dropout_rate,params_embedding_dim,params_filters_l1,params_filters_l2,params_filters_l3,params_kernel_regularizer,params_kernel_size,params_learning_rate,params_n_conv_layers,params_positive_class_weight,user_attrs_best_epoch,user_attrs_best_val_pr_auc,user_attrs_best_val_precision,user_attrs_best_val_recall,user_attrs_best_val_roc_auc,state
0,0.6495426893234253,2026-07-22 11:49:36.750215,2026-07-22 11:54:51.051358,0 days 00:05:14.301143,0.05,512,256,0.05,7,16,32.0,,0.0005722003617255471,2,0.0011859261102275202,2,1.1,35,0.6495426893234253,0.6225806474685669,0.5359393358230591,0.6733656525611877,COMPLETE
1,0.6502493619918823,2026-07-22 11:54:51.081500,2026-07-22 11:56:53.776332,0 days 00:02:02.694832,0.05,256,64,0.25,2,32,,,2.676150521673951e-07,5,0.002116171188271676,1,1.35,30,0.6502493619918823,0.5736995339393616,0.6937947273254395,0.6717706918716431,COMPLETE
2,0.6467997431755066,2026-07-22 11:56:53.812445,2026-07-22 12:00:38.619638,0 days 00:03:44.807193,0.2,256,64,0.45,5,64,,,0.00077430905370314,3,0.0001751999147135912,1,1.3,50,0.6467997431755066,0.5736789107322693,0.6690163612365723,0.6675294637680054,COMPLETE
3,0.644640326499939,2026-07-22 12:00:38.638700,2026-07-22 12:08:50.041735,0 days 00:08:11.403035,0.2,512,32,0.0,6,64,64.0,,8.613636741878217e-05,2,6.054418931619763e-05,2,1.0,50,0.644640326499939,0.6326281428337097,0.4982377588748932,0.6711215972900391,COMPLETE
4,0.6528290510177612,2026-07-22 12:08:50.094176,2026-07-22 12:29:44.016367,0 days 00:20:53.922191,0.2,512,32,0.05,7,128,16.0,128.0,1.0922985159568007e-07,3,0.0012649445125726636,3,1.0,38,0.6528290510177612,0.6329442262649536,0.5212004780769348,0.6769445538520813,COMPLETE
5,0.6337904930114746,2026-07-22 12:29:44.050510,2026-07-22 12:34:20.675277,0 days 00:04:36.624767,0.1,128,256,0.05,6,32,,,5.079835872866446e-06,2,2.2100802491070566e-05,1,1.35,50,0.6337904930114746,0.5794086456298828,0.6425291299819946,0.6612020134925842,COMPLETE
6,0.6291061043739319,2026-07-22 12:34:20.692115,2026-07-22 12:41:14.232460,0 days 00:06:53.540345,0.05,256,128,0.25,6,16,32.0,32.0,0.0008975692652490248,2,2.6298227371452857e-05,3,1.4,50,0.6291061043739319,0.5543246269226074,0.7214568257331848,0.6550661325454712,COMPLETE
7,0.6487720608711243,2026-07-22 12:41:14.250591,2026-07-22 12:48:24.027796,0 days 00:07:09.777205,0.3,128,32,0.1,3,64,16.0,,4.7558030105570076e-05,2,0.0006549349408134297,2,1.4,48,0.6487720608711243,0.5600295662879944,0.7278649806976318,0.6709914207458496,COMPLETE
8,0.6473574638366699,2026-07-22 12:48:24.079075,2026-07-22 12:52:56.212129,0 days 00:04:32.133054,0.2,128,32,0.1,8,32,,,3.5168538555039675e-05,2,0.00028981694836378505,1,1.05,49,0.6473574638366699,0.6246150135993958,0.5198120474815369,0.6694700717926025,COMPLETE
9,0.6429252028465271,2026-07-22 22:41:41.522932,2026-07-22 22:42:25.585881,0 days 00:00:44.062949,0.2,512,32,0.35000000000000003,2,16,128.0,,0.0001244105682745209,2,0.00029186305798736063,2,1.4,30,0.6429252028465271,0.5695679783821106,0.6772401928901672,0.6648883819580078,COMPLETE
10,0.6062833070755005,2026-07-22 22:42:25.593236,2026-07-22 22:44:28.162109,0 days 00:02:02.568873,0.1,512,128,0.5,4,128,16.0,128.0,1.346032809143511e-07,3,1.0868862035628465e-05,3,1.2,30,0.6062833070755005,0.5577313899993896,0.6448788046836853,0.6321957111358643,COMPLETE
11,0.6514947414398193,2026-07-22 22:44:28.167867,2026-07-22 22:46:00.429533,0 days 00:01:32.261666,0.05,256,64,0.2,2,128,16.0,64.0,1.1496605731498874e-07,5,0.0026921288800124746,3,1.2,24,0.6514947414398193,0.5823357701301575,0.6598312258720398,0.6755267381668091,COMPLETE
12,0.6514306664466858,2026-07-22 22:46:00.435223,2026-07-22 22:47:55.307876,0 days 00:01:54.872653,0.3,256,64,0.2,4,128,16.0,64.0,6.685132703233785e-07,5,0.0028972511562908947,3,1.15,30,0.6514306664466858,0.6095216870307922,0.5825055837631226,0.6750131249427795,COMPLETE
13,0.6513828635215759,2026-07-22 22:47:55.313374,2026-07-22 22:50:40.831786,0 days 00:02:45.518412,0.05,256,64,0.15000000000000002,8,128,16.0,64.0,1.2493941188305947e-06,5,0.0009115459079806896,3,1.25,26,0.6513828635215759,0.5869399905204773,0.6604720950126648,0.6766839623451233,COMPLETE
14,0.6483937501907349,2026-07-22 22:50:40.838207,2026-07-22 22:51:58.377187,0 days 00:01:17.538980,0.2,512,32,0.30000000000000004,4,128,16.0,16.0,1.3982955479670415e-07,3,0.0014153475928779297,3,1.0,29,0.6483937501907349,0.640408992767334,0.47495460510253906,0.670270562171936,COMPLETE
15,0.6510205268859863,2026-07-22 22:51:58.382648,2026-07-22 22:54:29.605751,0 days 00:02:31.223103,0.05,256,64,0.15000000000000002,3,128,64.0,128.0,1.431534900370124e-06,3,0.0005365371221962297,3,1.1,24,0.6510205268859863,0.6113743782043457,0.5786606669425964,0.6750956177711487,COMPLETE
16,0.6510272026062012,2026-07-22 22:54:29.610625,2026-07-22 23:02:08.533020,0 days 00:07:38.922395,0.1,512,128,0.0,7,128,128.0,128.0,4.347941880975916e-07,5,0.0029615828678363917,3,1.2,27,0.6510272026062012,0.5884085297584534,0.6614332795143127,0.6771261096000671,COMPLETE
17,0.6489183902740479,2026-07-22 23:02:08.537725,2026-07-22 23:03:47.453808,0 days 00:01:38.916083,0.3,512,256,0.35000000000000003,5,128,16.0,,4.480129485690103e-06,5,0.0004907793628187567,2,1.15,30,0.6489183902740479,0.6070374846458435,0.5711844563484192,0.6705799102783203,COMPLETE
18,0.6480180025100708,2026-07-22 23:03:47.459318,2026-07-22 23:05:20.519721,0 days 00:01:33.060403,0.05,256,32,0.2,3,128,16.0,64.0,1.6082606177876362e-07,3,0.0014781939172331543,3,1.05,27,0.6480180025100708,0.6400734186172485,0.48413971066474915,0.6724531650543213,COMPLETE
19,0.6482452750205994,2026-07-22 23:05:20.525628,2026-07-22 23:07:23.126193,0 days 00:02:02.600565,0.2,128,64,0.1,7,128,16.0,,3.1585622053449945e-06,3,0.00014020639266658545,2,1.25,28,0.6482452750205994,0.5854892134666443,0.6429563164710999,0.6705957651138306,COMPLETE
20,0.6520236730575562,2026-07-22 23:07:23.131903,2026-07-22 23:11:42.004648,0 days 00:04:18.872745,0.05,512,32,0.35000000000000003,5,128,128.0,16.0,1.0750498023638098e-07,5,0.0009027578926646999,3,1.05,29,0.6520236730575562,0.6277666091918945,0.5331624746322632,0.674717903137207,COMPLETE
21,0.6529873013496399,2026-07-22 23:11:42.009558,2026-07-22 23:16:00.188461,0 days 00:04:18.178903,0.05,512,32,0.35000000000000003,5,128,128.0,16.0,1.1492088621644149e-07,5,0.0016661662354081426,3,1.05,30,0.6529873013496399,0.6379861235618591,0.5115881562232971,0.6761289834976196,COMPLETE
22,0.6514835953712463,2026-07-22 23:16:00.194379,2026-07-22 23:20:11.269064,0 days 00:04:11.074685,0.05,512,32,0.4,5,128,128.0,16.0,3.7761225827165966e-07,5,0.0009201086667228112,3,1.05,29,0.6514835953712463,0.6331078410148621,0.5097724795341492,0.6742584705352783,COMPLETE
23,0.6495555639266968,2026-07-22 23:20:11.274061,2026-07-22 23:24:26.739772,0 days 00:04:15.465711,0.05,512,32,0.4,5,128,128.0,16.0,7.622438339265057e-07,5,0.00035008462722309385,3,1.0,30,0.6495555639266968,0.6264545917510986,0.5174623727798462,0.6717387437820435,COMPLETE
24,0.6503490209579468,2026-07-22 23:24:26.745144,2026-07-22 23:29:20.775175,0 days 00:04:54.030031,0.05,512,32,0.5,6,128,128.0,16.0,2.6866837997183084e-07,5,0.001706546639471878,3,1.1,27,0.6503490209579468,0.6257558465003967,0.5194916129112244,0.6726069450378418,COMPLETE
25,0.6503320336341858,2026-07-22 23:29:20.780878,2026-07-22 23:34:55.947841,0 days 00:05:35.166963,0.2,512,32,0.30000000000000004,7,128,128.0,16.0,1.0432521000176451e-07,5,0.0007814587652649012,3,1.05,26,0.6503320336341858,0.6211782097816467,0.5338032841682434,0.6723080277442932,COMPLETE
26,0.6479649543762207,2026-07-22 23:34:55.953251,2026-07-22 23:36:27.571087,0 days 00:01:31.617836,0.3,512,32,0.4,4,16,128.0,32.0,2.5935726791915526e-07,3,0.0013751589004614624,3,1.0,27,0.6479649543762207,0.6664352416992188,0.4101249575614929,0.669960618019104,COMPLETE
27,0.6452827453613281,2026-07-22 23:36:27.576911,2026-07-22 23:39:42.940034,0 days 00:03:15.363123,0.1,512,32,0.30000000000000004,8,64,128.0,,1.7713600226123865e-06,5,0.00017772869357592596,2,1.1,30,0.6452827453613281,0.6118885278701782,0.546406090259552,0.6686081290245056,COMPLETE
28,0.6447734832763672,2026-07-22 23:39:42.944891,2026-07-22 23:41:22.303054,0 days 00:01:39.358163,0.05,512,32,0.45,5,32,32.0,128.0,6.520154618642702e-07,3,0.00041844960007007874,3,1.05,30,0.6447734832763672,0.6535458564758301,0.4291359484195709,0.6673282980918884,COMPLETE
29,0.6459482312202454,2026-07-22 23:41:22.307338,2026-07-22 23:42:35.514309,0 days 00:01:13.206971,0.05,512,256,0.35000000000000003,7,16,64.0,16.0,2.0675061352300287e-07,5,0.0010361233635030366,3,1.15,18,0.6459482312202454,0.6162704229354858,0.5315604209899902,0.6683694124221802,COMPLETE
